============================= test session starts ==============================
platform darwin -- Python 3.9.18, pytest-8.3.5, pluggy-1.5.0
rootdir: /Users/james/Documents/GitHub/panoptikon
configfile: pyproject.toml
plugins: asyncio-0.26.0, cov-6.1.1
asyncio: mode=strict, asyncio_default_fixture_loop_scope=function, asyncio_default_test_loop_scope=function
collected 8 items

tests/core/test_paths.py ........
ERROR: Coverage failure: total of 22 is less than fail-under=80
                                                                         [100%]

================================ tests coverage ================================
_______________ coverage: platform darwin, python 3.9.18-final-0 _______________

Name                                     Stmts   Miss  Cover
------------------------------------------------------------
src/panoptikon/__init__.py                   1      0   100%
src/panoptikon/__main__.py                  32     32     0%
src/panoptikon/core/__init__.py              0      0   100%
src/panoptikon/core/config.py              245    199    19%
src/panoptikon/core/errors.py              178    178     0%
src/panoptikon/core/events.py              168    107    36%
src/panoptikon/core/lifecycle.py           135    135     0%
src/panoptikon/core/service.py             108     80    26%
src/panoptikon/database/__init__.py          0      0   100%
src/panoptikon/filesystem/__init__.py        7      0   100%
src/panoptikon/filesystem/access.py        270    200    26%
src/panoptikon/filesystem/bookmarks.py     214    174    19%
src/panoptikon/filesystem/cloud.py         139    103    26%
src/panoptikon/filesystem/events.py        107     61    43%
src/panoptikon/filesystem/paths.py         106     12    89%
src/panoptikon/filesystem/watcher.py       296    227    23%
src/panoptikon/search/__init__.py            0      0   100%
src/panoptikon/typings/__init__.py           0      0   100%
src/panoptikon/ui/__init__.py                0      0   100%
src/panoptikon/ui/macos_app.py             127    127     0%
src/panoptikon/ui/objc_wrappers.py          79     79     0%
src/panoptikon/ui/validators.py             37     37     0%
src/panoptikon/utils/__init__.py             0      0   100%
------------------------------------------------------------
TOTAL                                     2249   1751    22%
Coverage HTML written to dir htmlcov
Coverage XML written to file coverage.xml
FAIL Required test coverage of 80% not reached. Total coverage: 22.14%
============================== 8 passed in 0.54s ===============================
