..............
ERROR: Coverage failure: total of 27 is less than fail-under=80
                                                                         [100%]
================================ tests coverage ================================
_______________ coverage: platform darwin, python 3.9.18-final-0 _______________

Name                                             Stmts   Miss  Cover
--------------------------------------------------------------------
src/panoptikon/__init__.py                           1      0   100%
src/panoptikon/__main__.py                          34     34     0%
src/panoptikon/core/__init__.py                      0      0   100%
src/panoptikon/core/config.py                      246    199    19%
src/panoptikon/core/errors.py                      179    104    42%
src/panoptikon/core/events.py                      169    107    37%
src/panoptikon/core/lifecycle.py                   135    135     0%
src/panoptikon/core/service.py                     108     80    26%
src/panoptikon/core/service_extensions.py            7      7     0%
src/panoptikon/database/__init__.py                 18      4    78%
src/panoptikon/database/config.py                   54     21    61%
src/panoptikon/database/connection.py              122     93    24%
src/panoptikon/database/optimization.py             37     26    30%
src/panoptikon/database/performance_monitor.py      27     17    37%
src/panoptikon/database/pool.py                    341    266    22%
src/panoptikon/database/pool_service.py            136    104    24%
src/panoptikon/database/query_builder.py            33     19    42%
src/panoptikon/database/schema.py                  239    194    19%
src/panoptikon/database/service.py                  76     52    32%
src/panoptikon/database/statement_registry.py       43     32    26%
src/panoptikon/filesystem/__init__.py                7      0   100%
src/panoptikon/filesystem/access.py                288    214    26%
src/panoptikon/filesystem/bookmarks.py             214    174    19%
src/panoptikon/filesystem/cloud.py                 139    103    26%
src/panoptikon/filesystem/events.py                107     61    43%
src/panoptikon/filesystem/paths.py                 106     68    36%
src/panoptikon/filesystem/watcher.py               296    227    23%
src/panoptikon/search/__init__.py                    3      0   100%
src/panoptikon/search/query_parser.py               63     25    60%
src/panoptikon/search/result.py                     96     12    88%
src/panoptikon/search/search_engine.py              61      8    87%
src/panoptikon/typings/__init__.py                   0      0   100%
src/panoptikon/ui/__init__.py                        0      0   100%
src/panoptikon/ui/events.py                         77     77     0%
src/panoptikon/ui/macos_app.py                     128    128     0%
src/panoptikon/ui/objc_wrappers.py                  82     82     0%
src/panoptikon/ui/validators.py                     37     37     0%
src/panoptikon/ui/window_interfaces.py              32     32     0%
src/panoptikon/utils/__init__.py                     0      0   100%
--------------------------------------------------------------------
TOTAL                                             3741   2742    27%
Coverage HTML written to dir htmlcov
Coverage XML written to file coverage.xml
FAIL Required test coverage of 80% not reached. Total coverage: 26.70%
14 passed in 0.74s
